Using pre-set license
Built from '2021.2/staging' branch; Version is '2021.2.8f1 (d0e5f0a7b06a) revision 13690352'; Using compiler version '192829333'; Build Type 'Release'
OS: 'Windows 10  (10.0.19044) 64bit Professional' Language: 'en' Physical Memory: 16350 MB
BatchMode: 1, IsHumanControllingUs: 0, StartBugReporterOnCrash: 0, Is64bit: 1, IsPro: 0

COMMAND LINE ARGUMENTS:
C:\Program Files\Unity\Hub\Editor\2021.2.8f1\Editor\Unity.exe
-adb2
-batchMode
-noUpm
-name
AssetImportWorker0
-projectPath
Y:/3d island Game/Repo/Upwork_3D_IslandGame/3D island
-logFile
Logs/AssetImportWorker0.log
-srvPort
56744
Successfully changed project path to: Y:/3d island Game/Repo/Upwork_3D_IslandGame/3D island
Y:/3d island Game/Repo/Upwork_3D_IslandGame/3D island
[UnityMemory] Configuration Parameters - Can be set up in boot.config
    "memorysetup-bucket-allocator-granularity=16"
    "memorysetup-bucket-allocator-bucket-count=8"
    "memorysetup-bucket-allocator-block-size=33554432"
    "memorysetup-bucket-allocator-block-count=8"
    "memorysetup-main-allocator-block-size=16777216"
    "memorysetup-thread-allocator-block-size=16777216"
    "memorysetup-gfx-main-allocator-block-size=16777216"
    "memorysetup-gfx-thread-allocator-block-size=16777216"
    "memorysetup-cache-allocator-block-size=4194304"
    "memorysetup-typetree-allocator-block-size=2097152"
    "memorysetup-profiler-bucket-allocator-granularity=16"
    "memorysetup-profiler-bucket-allocator-bucket-count=8"
    "memorysetup-profiler-bucket-allocator-block-size=33554432"
    "memorysetup-profiler-bucket-allocator-block-count=8"
    "memorysetup-profiler-allocator-block-size=16777216"
    "memorysetup-profiler-editor-allocator-block-size=1048576"
    "memorysetup-temp-allocator-size-main=16777216"
    "memorysetup-job-temp-allocator-block-size=2097152"
    "memorysetup-job-temp-allocator-block-size-background=1048576"
    "memorysetup-job-temp-allocator-reduction-small-platforms=262144"
    "memorysetup-temp-allocator-size-background-worker=32768"
    "memorysetup-temp-allocator-size-job-worker=262144"
    "memorysetup-temp-allocator-size-preload-manager=33554432"
    "memorysetup-temp-allocator-size-nav-mesh-worker=65536"
    "memorysetup-temp-allocator-size-audio-worker=65536"
    "memorysetup-temp-allocator-size-cloud-worker=32768"
    "memorysetup-temp-allocator-size-gi-baking-worker=262144"
    "memorysetup-temp-allocator-size-gfx=262144"
Refreshing native plugins compatible for Editor in 136.08 ms, found 3 plugins.
Preloading 0 native plugins for Editor in 0.00 ms.
Initialize engine version: 2021.2.8f1 (d0e5f0a7b06a)
[Subsystems] Discovering subsystems at path C:/Program Files/Unity/Hub/Editor/2021.2.8f1/Editor/Data/Resources/UnitySubsystems
[Subsystems] Discovering subsystems at path Y:/3d island Game/Repo/Upwork_3D_IslandGame/3D island/Assets
GfxDevice: creating device client; threaded=0; jobified=0
Direct3D:
    Version:  Direct3D 11.0 [level 11.1]
    Renderer: NVIDIA GeForce GTX 960 (ID=0x1401)
    Vendor:   NVIDIA
    VRAM:     2007 MB
    Driver:   30.0.15.1179
Initialize mono
Mono path[0] = 'C:/Program Files/Unity/Hub/Editor/2021.2.8f1/Editor/Data/Managed'
Mono path[1] = 'C:/Program Files/Unity/Hub/Editor/2021.2.8f1/Editor/Data/MonoBleedingEdge/lib/mono/unityjit-win32'
Mono config path = 'C:/Program Files/Unity/Hub/Editor/2021.2.8f1/Editor/Data/MonoBleedingEdge/etc'
Using monoOptions --debugger-agent=transport=dt_socket,embedding=1,server=y,suspend=n,address=127.0.0.1:56648
Begin MonoManager ReloadAssembly
Registering precompiled unity dll's ...
Register platform support module: C:/Program Files/Unity/Hub/Editor/2021.2.8f1/Editor/Data/PlaybackEngines/WebGLSupport/UnityEditor.WebGL.Extensions.dll
Register platform support module: C:/Program Files/Unity/Hub/Editor/2021.2.8f1/Editor/Data/PlaybackEngines/WindowsStandaloneSupport/UnityEditor.WindowsStandalone.Extensions.dll
Registered in 0.018994 seconds.
Native extension for WindowsStandalone target not found
Native extension for WebGL target not found
Refreshing native plugins compatible for Editor in 137.17 ms, found 3 plugins.
Preloading 0 native plugins for Editor in 0.00 ms.
Mono: successfully reloaded assembly
- Completed reload, in  1.165 seconds
Domain Reload Profiling:
	ReloadAssembly (1166ms)
		BeginReloadAssembly (140ms)
			ExecutionOrderSort (0ms)
			DisableScriptedObjects (0ms)
			BackupInstance (0ms)
			ReleaseScriptingObjects (0ms)
			CreateAndSetChildDomain (1ms)
		EndReloadAssembly (853ms)
			LoadAssemblies (136ms)
			RebuildTransferFunctionScriptingTraits (0ms)
			SetupTypeCache (218ms)
			ReleaseScriptCaches (0ms)
			RebuildScriptCaches (55ms)
			SetupLoadedEditorAssemblies (484ms)
				LogAssemblyErrors (0ms)
				InitializePlatformSupportModulesInManaged (28ms)
				SetLoadedEditorAssemblies (0ms)
				RefreshPlugins (137ms)
				BeforeProcessingInitializeOnLoad (2ms)
				ProcessInitializeOnLoadAttributes (230ms)
				ProcessInitializeOnLoadMethodAttributes (86ms)
				AfterProcessingInitializeOnLoad (0ms)
				EditorAssembliesLoaded (0ms)
			ExecutionOrderSort2 (0ms)
			AwakeInstancesAfterBackupRestoration (0ms)
Platform modules already initialized, skipping
Registering precompiled user dll's ...
Registered in 0.008765 seconds.
Begin MonoManager ReloadAssembly
Symbol file LoadedFromMemory doesn't match image Y:\3d island Game\Repo\Upwork_3D_IslandGame\3D island\Library\PackageCache\com.unity.visualscripting@1.7.6\Editor\VisualScripting.Core\Dependencies\YamlDotNet\Unity.VisualScripting.YamlDotNet.dll
Symbol file LoadedFromMemory doesn't match image Y:\3d island Game\Repo\Upwork_3D_IslandGame\3D island\Library\PackageCache\com.unity.visualscripting@1.7.6\Editor\VisualScripting.Core\Dependencies\DotNetZip\Unity.VisualScripting.IonicZip.dll
Native extension for WindowsStandalone target not found
Native extension for WebGL target not found
Refreshing native plugins compatible for Editor in 0.83 ms, found 3 plugins.
Preloading 0 native plugins for Editor in 0.00 ms.
Mono: successfully reloaded assembly
- Completed reload, in  1.864 seconds
Domain Reload Profiling:
	ReloadAssembly (1865ms)
		BeginReloadAssembly (205ms)
			ExecutionOrderSort (0ms)
			DisableScriptedObjects (11ms)
			BackupInstance (0ms)
			ReleaseScriptingObjects (0ms)
			CreateAndSetChildDomain (33ms)
		EndReloadAssembly (1464ms)
			LoadAssemblies (139ms)
			RebuildTransferFunctionScriptingTraits (0ms)
			SetupTypeCache (542ms)
			ReleaseScriptCaches (1ms)
			RebuildScriptCaches (95ms)
			SetupLoadedEditorAssemblies (626ms)
				LogAssemblyErrors (0ms)
				InitializePlatformSupportModulesInManaged (23ms)
				SetLoadedEditorAssemblies (1ms)
				RefreshPlugins (1ms)
				BeforeProcessingInitializeOnLoad (150ms)
				ProcessInitializeOnLoadAttributes (390ms)
				ProcessInitializeOnLoadMethodAttributes (42ms)
				AfterProcessingInitializeOnLoad (19ms)
				EditorAssembliesLoaded (0ms)
			ExecutionOrderSort2 (0ms)
			AwakeInstancesAfterBackupRestoration (11ms)
Platform modules already initialized, skipping
========================================================================
Worker process is ready to serve import requests
Launched and connected shader compiler UnityShaderCompiler.exe after 0.07 seconds
Refreshing native plugins compatible for Editor in 0.86 ms, found 3 plugins.
Preloading 0 native plugins for Editor in 0.00 ms.
Unloading 3217 Unused Serialized files (Serialized files now loaded: 0)
Unloading 26 unused Assets / (112.6 KB). Loaded Objects now: 3673.
Memory consumption went from 111.9 MB to 111.8 MB.
Total: 4.675500 ms (FindLiveObjects: 0.384400 ms CreateObjectMapping: 0.184300 ms MarkObjects: 3.953500 ms  DeleteObjects: 0.151800 ms)

AssetImportParameters requested are different than current active one (requested -> active):
  custom:video-decoder-ogg-theora: a1e56fd34408186e4bbccfd4996cb3dc -> 
  custom:container-muxer-webm: aa71ff27fc2769a1b78a27578f13a17b -> 
  custom:container-demuxer-webm: 4f35f7cbe854078d1ac9338744f61a02 -> 
  custom:video-encoder-webm-vp8: eb34c28f22e8b96e1ab97ce403110664 -> 
  custom:audio-encoder-webm-vorbis: bf7c407c2cedff20999df2af8eb42d56 -> 
  custom:framework-win-MediaFoundation: 216162199b28c13a410421893ffa2e32 -> 
  custom:container-demuxer-ogg: 62fdf1f143b41e24485cea50d1cbac27 -> 
  custom:video-decoder-webm-vp8: 9c59270c3fd7afecdb556c50c9e8de78 -> 
  custom:audio-decoder-ogg-vorbis: bf7c407c2cedff20999df2af8eb42d56 -> 
========================================================================
Received Import Request.
  Time since last request: 17373.702928 seconds.
  path: Assets
  artifactKey: Guid(00000000000000001000000000000000) Importer(815301076,1909f56bfc062723c751e8b465ee728b)
Start importing Assets using Guid(00000000000000001000000000000000) Importer(815301076,1909f56bfc062723c751e8b465ee728b)  -> (artifact id: '79842766b460edbeab6a34051e857a80') in 0.008460 seconds 
========================================================================
Received Import Request.
  Time since last request: 1.385686 seconds.
  path: Assets/Assets
  artifactKey: Guid(836e29ea70bb8a84e8a0a722e5d17164) Importer(815301076,1909f56bfc062723c751e8b465ee728b)
Start importing Assets/Assets using Guid(836e29ea70bb8a84e8a0a722e5d17164) Importer(815301076,1909f56bfc062723c751e8b465ee728b)  -> (artifact id: '0ab122b2f70ff08046ec6cca8e282dd2') in 0.001695 seconds 
========================================================================
Received Import Request.
  Time since last request: 11.013056 seconds.
  path: Assets/Assets/Models
  artifactKey: Guid(b53b8700a5f4782409ad1a636e88c5d0) Importer(815301076,1909f56bfc062723c751e8b465ee728b)
Start importing Assets/Assets/Models using Guid(b53b8700a5f4782409ad1a636e88c5d0) Importer(815301076,1909f56bfc062723c751e8b465ee728b)  -> (artifact id: '2d958096a2b652feb53720e49c82125a') in 0.001847 seconds 
========================================================================
Received Import Request.
  Time since last request: 17.369279 seconds.
  path: Assets/Assets/Models/Basic Character.obj
  artifactKey: Guid(1f9f9a718cb1fc74fbc1a86ddceeb115) Importer(815301076,1909f56bfc062723c751e8b465ee728b)
Start importing Assets/Assets/Models/Basic Character.obj using Guid(1f9f9a718cb1fc74fbc1a86ddceeb115) Importer(815301076,1909f56bfc062723c751e8b465ee728b)  -> (artifact id: '7702f778b5d06c018a651cabf419be27') in 0.691575 seconds 
========================================================================
Received Import Request.
  Time since last request: 511.596923 seconds.
  path: Assets/Assets/Materials
  artifactKey: Guid(4d9793ca319665649a54f23ef8384695) Importer(815301076,1909f56bfc062723c751e8b465ee728b)
Start importing Assets/Assets/Materials using Guid(4d9793ca319665649a54f23ef8384695) Importer(815301076,1909f56bfc062723c751e8b465ee728b)  -> (artifact id: '7d38c9715fb05e1cb05d5fa155cc7d7f') in 0.001698 seconds 
========================================================================
Received Import Request.
  Time since last request: 10.864945 seconds.
  path: Assets/Assets/Materials/Green.mat
  artifactKey: Guid(6c9f46877e55d134f8a72ea6acbabfa5) Importer(815301076,1909f56bfc062723c751e8b465ee728b)
Start importing Assets/Assets/Materials/Green.mat using Guid(6c9f46877e55d134f8a72ea6acbabfa5) Importer(815301076,1909f56bfc062723c751e8b465ee728b)  -> (artifact id: '87a5194dff5d8761917406bffc047a8a') in 0.054477 seconds 
========================================================================
Received Import Request.
  Time since last request: 3.391083 seconds.
  path: Assets/Assets/Materials/Green 1.mat
  artifactKey: Guid(2d1efb0084705314495b2289b00f3388) Importer(815301076,1909f56bfc062723c751e8b465ee728b)
Start importing Assets/Assets/Materials/Green 1.mat using Guid(2d1efb0084705314495b2289b00f3388) Importer(815301076,1909f56bfc062723c751e8b465ee728b)  -> (artifact id: 'bcdd62c33c5052657f679ec234ccde43') in 0.010470 seconds 
========================================================================
Received Import Request.
  Time since last request: 2.736423 seconds.
  path: Assets/Assets/Materials/Blue.mat
  artifactKey: Guid(2d1efb0084705314495b2289b00f3388) Importer(815301076,1909f56bfc062723c751e8b465ee728b)
Start importing Assets/Assets/Materials/Blue.mat using Guid(2d1efb0084705314495b2289b00f3388) Importer(815301076,1909f56bfc062723c751e8b465ee728b)  -> (artifact id: '911137ab27a171b79fa7d6062522a43c') in 0.011363 seconds 
========================================================================
Received Import Request.
  Time since last request: 70.244087 seconds.
  path: Assets/Assets/Textures/grid texture.png
  artifactKey: Guid(2174ce0b7cd359e4da8f5bb7c81671ac) Importer(815301076,1909f56bfc062723c751e8b465ee728b)
Start importing Assets/Assets/Textures/grid texture.png using Guid(2174ce0b7cd359e4da8f5bb7c81671ac) Importer(815301076,1909f56bfc062723c751e8b465ee728b)  -> (artifact id: '224c7005735ed741912f0a5dc38dca7b') in 0.031919 seconds 
========================================================================
Received Import Request.
  Time since last request: 524.567788 seconds.
  path: Assets/Assets/Materials/Blue.mat
  artifactKey: Guid(2d1efb0084705314495b2289b00f3388) Importer(815301076,1909f56bfc062723c751e8b465ee728b)
Start importing Assets/Assets/Materials/Blue.mat using Guid(2d1efb0084705314495b2289b00f3388) Importer(815301076,1909f56bfc062723c751e8b465ee728b)  -> (artifact id: '136f6157c3dc8b25178fde913ed9fcc0') in 0.013364 seconds 
========================================================================
Received Import Request.
  Time since last request: 8.051559 seconds.
  path: Assets/Assets/Materials/Player.mat
  artifactKey: Guid(edf581591fac3d242a837e173135f635) Importer(815301076,1909f56bfc062723c751e8b465ee728b)
Start importing Assets/Assets/Materials/Player.mat using Guid(edf581591fac3d242a837e173135f635) Importer(815301076,1909f56bfc062723c751e8b465ee728b)  -> (artifact id: 'a284b71def9166c389cab089c6d72b1c') in 0.013445 seconds 
========================================================================
Received Import Request.
  Time since last request: 12.121670 seconds.
  path: Assets/Assets/Materials/Player.mat
  artifactKey: Guid(edf581591fac3d242a837e173135f635) Importer(815301076,1909f56bfc062723c751e8b465ee728b)
Start importing Assets/Assets/Materials/Player.mat using Guid(edf581591fac3d242a837e173135f635) Importer(815301076,1909f56bfc062723c751e8b465ee728b)  -> (artifact id: 'cd028419bfba1b8374d2ad4ce7787cb7') in 0.011845 seconds 
